#
# There is insufficient memory for the Java Runtime Environment to continue.
# Native memory allocation (malloc) failed to allocate 32744 bytes for Chunk::new
# Possible reasons:
#   The system is out of physical RAM or swap space
#   The process is running with CompressedOops enabled, and the Java Heap may be blocking the growth of the native heap
# Possible solutions:
#   Reduce memory load on the system
#   Increase physical memory or swap space
#   Check if swap backing store is full
#   Decrease Java heap size (-Xmx/-Xms)
#   Decrease number of Java threads
#   Decrease Java thread stack sizes (-Xss)
#   Set larger code cache with -XX:ReservedCodeCacheSize=
#   JVM is running with Unscaled Compressed Oops mode in which the Java heap is
#     placed in the first 4GB address space. The Java Heap base address is the
#     maximum limit for the native heap growth. Please use -XX:HeapBaseMinAddress
#     to set the Java Heap base and to place the Java Heap above 4GB virtual address.
# This output file may be truncated or incomplete.
#
#  Out of Memory Error (arena.cpp:168), pid=508, tid=18256
#
# JRE version: Java(TM) SE Runtime Environment (21.0.2+13) (build 21.0.2+13-LTS-58)
# Java VM: Java HotSpot(TM) 64-Bit Server VM (21.0.2+13-LTS-58, mixed mode, emulated-client, sharing, tiered, compressed oops, compressed class ptrs, g1 gc, windows-amd64)
# No core dump will be written. Minidumps are not enabled by default on client versions of Windows
#

---------------  S U M M A R Y ------------

Command Line: -XX:TieredStopAtLevel=1 -Dspring.output.ansi.enabled=always -Dcom.sun.management.jmxremote -Dspring.jmx.enabled=true -Dspring.liveBeansView.mbeanDomain -Dspring.application.admin.enabled=true -Dmanagement.endpoints.jmx.exposure.include=* -javaagent:D:\Program Files\IntelliJ IDEA 2024.2.3\lib\idea_rt.jar=60138:D:\Program Files\IntelliJ IDEA 2024.2.3\bin -Dfile.encoding=UTF-8 -Dsun.stdout.encoding=UTF-8 -Dsun.stderr.encoding=UTF-8 com.Tuto.Tuto.TutoApplication

Host: Intel(R) Core(TM) i5-8250U CPU @ 1.60GHz, 8 cores, 7G,  Windows 10 , 64 bit Build 19041 (10.0.19041.4957)
Time: Sun Oct 20 18:17:15 2024 Maroc (heure d64 bit Build 19041 (10.0.19041.4957) elapsed time: 0.781247 seconds (0d 0h 0m 0s)

---------------  T H R E A D  ---------------

Current thread (0x000002ac674be050):  JavaThread "main"             [_thread_in_vm, id=18256, stack(0x000000d5f2c00000,0x000000d5f2d00000) (1024K)]

Stack: [0x000000d5f2c00000,0x000000d5f2d00000]
Native frames: (J=compiled Java code, j=interpreted, Vv=VM code, C=native code)
V  [jvm.dll+0x6cade9]
V  [jvm.dll+0x8569c1]
V  [jvm.dll+0x858d2e]
V  [jvm.dll+0x859413]
V  [jvm.dll+0x280e56]
V  [jvm.dll+0xc3f3d]
V  [jvm.dll+0xc4473]
V  [jvm.dll+0x217315]
V  [jvm.dll+0x2180b5]
V  [jvm.dll+0x218ad1]
V  [jvm.dll+0x20dd9e]
V  [jvm.dll+0x5ad3dc]
V  [jvm.dll+0x7cf5e6]
V  [jvm.dll+0x470270]
V  [jvm.dll+0x475ef8]
C  [java.dll+0x17ec]

Java frames: (J=compiled Java code, j=interpreted, Vv=VM code)
j  java.lang.ClassLoader.defineClass1(Ljava/lang/ClassLoader;Ljava/lang/String;[BIILjava/security/ProtectionDomain;Ljava/lang/String;)Ljava/lang/Class;+0 java.base@21.0.2
j  java.lang.ClassLoader.defineClass(Ljava/lang/String;[BIILjava/security/ProtectionDomain;)Ljava/lang/Class;+27 java.base@21.0.2
j  java.security.SecureClassLoader.defineClass(Ljava/lang/String;[BIILjava/security/CodeSource;)Ljava/lang/Class;+12 java.base@21.0.2
j  jdk.internal.loader.BuiltinClassLoader.defineClass(Ljava/lang/String;Ljdk/internal/loader/Resource;)Ljava/lang/Class;+117 java.base@21.0.2
j  jdk.internal.loader.BuiltinClassLoader.findClassOnClassPathOrNull(Ljava/lang/String;)Ljava/lang/Class;+37 java.base@21.0.2
J 1108 c1 jdk.internal.loader.BuiltinClassLoader.loadClassOrNull(Ljava/lang/String;Z)Ljava/lang/Class; java.base@21.0.2 (143 bytes) @ 0x000002ac71fcbb7c [0x000002ac71fcb780+0x00000000000003fc]
J 1276 c1 jdk.internal.loader.ClassLoaders$AppClassLoader.loadClass(Ljava/lang/String;Z)Ljava/lang/Class; java.base@21.0.2 (40 bytes) @ 0x000002ac7201030c [0x000002ac720102c0+0x000000000000004c]
J 1275 c1 java.lang.ClassLoader.loadClass(Ljava/lang/String;)Ljava/lang/Class; java.base@21.0.2 (7 bytes) @ 0x000002ac7200ff94 [0x000002ac7200ff40+0x0000000000000054]
v  ~StubRoutines::call_stub 0x000002ac71b7100d
J 1138  java.lang.Class.forName0(Ljava/lang/String;ZLjava/lang/ClassLoader;Ljava/lang/Class;)Ljava/lang/Class; java.base@21.0.2 (0 bytes) @ 0x000002ac71fd8c5f [0x000002ac71fd8bc0+0x000000000000009f]
J 1140 c1 java.lang.Class.forName(Ljava/lang/String;ZLjava/lang/ClassLoader;Ljava/lang/Class;)Ljava/lang/Class; java.base@21.0.2 (41 bytes) @ 0x000002ac71fd9564 [0x000002ac71fd9540+0x0000000000000024]
J 1139 c1 java.lang.Class.forName(Ljava/lang/String;ZLjava/lang/ClassLoader;)Ljava/lang/Class; java.base@21.0.2 (24 bytes) @ 0x000002ac71fd926c [0x000002ac71fd9240+0x000000000000002c]
j  org.springframework.util.ClassUtils.forName(Ljava/lang/String;Ljava/lang/ClassLoader;)Ljava/lang/Class;+164
j  org.springframework.core.io.support.SpringFactoriesLoader.instantiateFactory(Ljava/lang/String;Ljava/lang/Class;Lorg/springframework/core/io/support/SpringFactoriesLoader$ArgumentResolver;Lorg/springframework/core/io/support/SpringFactoriesLoader$FailureHandler;)Ljava/lang/Object;+5
j  org.springframework.core.io.support.SpringFactoriesLoader.load(Ljava/lang/Class;Lorg/springframework/core/io/support/SpringFactoriesLoader$ArgumentResolver;Lorg/springframework/core/io/support/SpringFactoriesLoader$FailureHandler;)Ljava/util/List;+99
j  org.springframework.core.io.support.SpringFactoriesLoader.load(Ljava/lang/Class;Lorg/springframework/core/io/support/SpringFactoriesLoader$ArgumentResolver;)Ljava/util/List;+4
j  org.springframework.boot.SpringApplication.getSpringFactoriesInstances(Ljava/lang/Class;Lorg/springframework/core/io/support/SpringFactoriesLoader$ArgumentResolver;)Ljava/util/List;+9
j  org.springframework.boot.SpringApplication.getSpringFactoriesInstances(Ljava/lang/Class;)Ljava/util/List;+3
j  org.springframework.boot.SpringApplication.<init>(Lorg/springframework/core/io/ResourceLoader;[Ljava/lang/Class;)V+132
j  org.springframework.boot.SpringApplication.<init>([Ljava/lang/Class;)V+3
j  org.springframework.boot.SpringApplication.run([Ljava/lang/Class;[Ljava/lang/String;)Lorg/springframework/context/ConfigurableApplicationContext;+5
j  org.springframework.boot.SpringApplication.run(Ljava/lang/Class;[Ljava/lang/String;)Lorg/springframework/context/ConfigurableApplicationContext;+9
j  com.Tuto.Tuto.TutoApplication.main([Ljava/lang/String;)V+3
v  ~StubRoutines::call_stub 0x000002ac71b7100d

Compiled method (c1)     804 1108   !   1       jdk.internal.loader.BuiltinClassLoader::loadClassOrNull (143 bytes)
 total in heap  [0x000002ac71fcb510,0x000002ac71fcc488] = 3960
 relocation     [0x000002ac71fcb670,0x000002ac71fcb768] = 248
 main code      [0x000002ac71fcb780,0x000002ac71fcbda0] = 1568
 stub code      [0x000002ac71fcbda0,0x000002ac71fcbe80] = 224
 metadata       [0x000002ac71fcbe80,0x000002ac71fcbef8] = 120
 scopes data    [0x000002ac71fcbef8,0x000002ac71fcc0f0] = 504
 scopes pcs     [0x000002ac71fcc0f0,0x000002ac71fcc280] = 400
 dependencies   [0x000002ac71fcc280,0x000002ac71fcc298] = 24
 handler table  [0x000002ac71fcc298,0x000002ac71fcc448] = 432
 nul chk table  [0x000002ac71fcc448,0x000002ac71fcc488] = 64

[Constant Pool (empty)]

[MachCode]
[Entry Point]
  # {method} {0x000002ac00069dc0} 'loadClassOrNull' '(Ljava/lang/String;Z)Ljava/lang/Class;' in 'jdk/internal/loader/BuiltinClassLoader'
  # this:     rdx:rdx   = 'jdk/internal/loader/BuiltinClassLoader'
  # parm0:    r8:r8     = 'java/lang/String'
  # parm1:    r9        = boolean
  #           [sp+0x100]  (sp of caller)
  0x000002ac71fcb780: 448b 5208 | 49bb 0000 | 0000 ac02 | 0000 4d03 | d34c 3bd0 

  0x000002ac71fcb794: ;   {runtime_call ic_miss_stub}
  0x000002ac71fcb794: 0f85 e62f | bfff 660f | 1f44 0000 
[Verified Entry Point]
  0x000002ac71fcb7a0: 8984 2400 | 80ff ff55 | 4881 ecf0 | 0000 0090 | 4181 7f20 | 0100 0000 

  0x000002ac71fcb7b8: ;   {runtime_call StubRoutines (final stubs)}
  0x000002ac71fcb7b8: 7405 e8a1 | 95bd ff48 | 8994 24a0 | 0000 004c | 8984 2498 | 0000 008b | 5a28 4885 | db0f 8510 
  0x000002ac71fcb7d8: 0000 0048 | 8bf2 4489 | 8c24 a800 | 0000 e99d | 0000 0044 | 898c 24a8 

  0x000002ac71fcb7f0: ;   {metadata('java/lang/Object')}
  0x000002ac71fcb7f0: 0000 0048 | ba80 0e00 | 00ac 0200 | 0049 8b87 | b801 0000 | 488d 7810 | 493b bfc8 | 0100 000f 
  0x000002ac71fcb810: 87bf 0400 | 0049 89bf | b801 0000 | 48c7 0001 | 0000 0048 | 8bca 49ba | 0000 0000 | ac02 0000 
  0x000002ac71fcb830: 492b ca89 | 4808 4833 | c989 480c | 4833 c948 | 3b03 498b | f04c 8bc6 | 4c8b c8bf | 0100 0000 
  0x000002ac71fcb850: 488b d348 | 8984 2490 | 0000 000f 

  0x000002ac71fcb85c: ;   {optimized virtual_call}
  0x000002ac71fcb85c: 1f40 00e8 

  0x000002ac71fcb860: ; ImmutableOopMap {[144]=Oop [152]=Oop [160]=Oop }
                      ;*invokevirtual putVal {reexecute=0 rethrow=0 return_oop=0}
                      ; - java.util.concurrent.ConcurrentHashMap::putIfAbsent@4 (line 1541)

[error occurred during error reporting (printing code blobs if possible), id 0xe0000001, Out of Memory Error (s\open\src\hotspot\share\memory\arena.cpp:168)]

---------------  P R O C E S S  ---------------

Threads class SMR info:
_java_thread_list=0x000002ac7e71b220, length=15, elements={
0x000002ac674be050, 0x000002ac79e8cde0, 0x000002ac79e8db00, 0x000002ac79e8e820,
0x000002ac79e90670, 0x000002ac79e910d0, 0x000002ac79e91b30, 0x000002ac79e9fab0,
0x000002ac7e189070, 0x000002ac79e59900, 0x000002ac7e529e70, 0x000002ac7e52a4e0,
0x000002ac7e189740, 0x000002ac7e1889a0, 0x000002ac7e7310a0
}

Java Threads: ( => current thread )
=>0x000002ac674be050 JavaThread "main"                              [_thread_in_vm, id=18256, stack(0x000000d5f2c00000,0x000000d5f2d00000) (1024K)]
  0x000002ac79e8cde0 JavaThread "Reference Handler"          daemon [_thread_blocked, id=18360, stack(0x000000d5f3400000,0x000000d5f3500000) (1024K)]
  0x000002ac79e8db00 JavaThread "Finalizer"                  daemon [_thread_blocked, id=19952, stack(0x000000d5f3500000,0x000000d5f3600000) (1024K)]
  0x000002ac79e8e820 JavaThread "Signal Dispatcher"          daemon [_thread_blocked, id=20752, stack(0x000000d5f3600000,0x000000d5f3700000) (1024K)]
  0x000002ac79e90670 JavaThread "Attach Listener"            daemon [_thread_blocked, id=6904, stack(0x000000d5f3700000,0x000000d5f3800000) (1024K)]
  0x000002ac79e910d0 JavaThread "Service Thread"             daemon [_thread_blocked, id=24308, stack(0x000000d5f3800000,0x000000d5f3900000) (1024K)]
  0x000002ac79e91b30 JavaThread "Monitor Deflation Thread"   daemon [_thread_blocked, id=13044, stack(0x000000d5f3900000,0x000000d5f3a00000) (1024K)]
  0x000002ac79e9fab0 JavaThread "C1 CompilerThread0"         daemon [_thread_blocked, id=6316, stack(0x000000d5f3a00000,0x000000d5f3b00000) (1024K)]
  0x000002ac7e189070 JavaThread "C1 CompilerThread1"         daemon [_thread_in_native, id=24996, stack(0x000000d5f3b00000,0x000000d5f3c00000) (1024K)]
  0x000002ac79e59900 JavaThread "Common-Cleaner"             daemon [_thread_blocked, id=8016, stack(0x000000d5f3c00000,0x000000d5f3d00000) (1024K)]
  0x000002ac7e529e70 JavaThread "Monitor Ctrl-Break"         daemon [_thread_in_native, id=19360, stack(0x000000d5f3d00000,0x000000d5f3e00000) (1024K)]
  0x000002ac7e52a4e0 JavaThread "Notification Thread"        daemon [_thread_blocked, id=24400, stack(0x000000d5f3e00000,0x000000d5f3f00000) (1024K)]
  0x000002ac7e189740 JavaThread "C1 CompilerThread2"         daemon [_thread_blocked, id=2812, stack(0x000000d5f3f00000,0x000000d5f4000000) (1024K)]
  0x000002ac7e1889a0 JavaThread "C1 CompilerThread3"         daemon [_thread_blocked, id=2020, stack(0x000000d5f4000000,0x000000d5f4100000) (1024K)]
  0x000002ac7e7310a0 JavaThread "RMI TCP Accept-0"           daemon [_thread_in_native, id=21996, stack(0x000000d5f4100000,0x000000d5f4200000) (1024K)]
Total: 15

Other Threads:
  0x000002ac79e6b7c0 VMThread "VM Thread"                           [id=18524, stack(0x000000d5f3300000,0x000000d5f3400000) (1024K)]
  0x000002ac79e56ce0 WatcherThread "VM Periodic Task Thread"        [id=17004, stack(0x000000d5f3200000,0x000000d5f3300000) (1024K)]
  0x000002ac69762a30 WorkerThread "GC Thread#0"                     [id=12972, stack(0x000000d5f2d00000,0x000000d5f2e00000) (1024K)]
  0x000002ac69773420 ConcurrentGCThread "G1 Main Marker"            [id=8480, stack(0x000000d5f2e00000,0x000000d5f2f00000) (1024K)]
  0x000002ac69773ee0 WorkerThread "G1 Conc#0"                       [id=19180, stack(0x000000d5f2f00000,0x000000d5f3000000) (1024K)]
  0x000002ac79d27100 ConcurrentGCThread "G1 Refine#0"               [id=1252, stack(0x000000d5f3000000,0x000000d5f3100000) (1024K)]
  0x000002ac79d27a80 ConcurrentGCThread "G1 Service"                [id=19640, stack(0x000000d5f3100000,0x000000d5f3200000) (1024K)]
Total: 7

Threads with active compile tasks:
C1 CompilerThread1      810 1343       1      
[error occurred during error reporting (printing all threads), id 0xe0000001, Out of Memory Error (s\open\src\hotspot\share\memory\arena.cpp:168)]
VM state: not at safepoint (normal execution)

VM Mutex/Monitor currently owned by a thread: None

Heap address: 0x0000000082000000, size: 2016 MB, Compressed Oops mode: 32-bit

CDS archive(s) mapped at: [0x000002ac00000000-0x000002ac00c90000-0x000002ac00c90000), size 13172736, SharedBaseAddress: 0x000002ac00000000, ArchiveRelocationMode: 1.
Compressed class space mapped at: 0x000002ac01000000-0x000002ac41000000, reserved size: 1073741824
Narrow klass base: 0x000002ac00000000, Narrow klass shift: 0, Narrow klass range: 0x100000000

GC Precious Log:
 CardTable entry size: 512
 Card Set container configuration: InlinePtr #cards 5 size 8 Array Of Cards #cards 12 size 40 Howl #buckets 4 coarsen threshold 1843 Howl Bitmap #cards 512 size 80 coarsen threshold 460 Card regions per heap region 1 cards per card region 2048
 CPUs: 8 total, 8 available
 Memory: 8058M
 Large Page Support: Disabled
 NUMA Support: Disabled
 Compressed Oops: Enabled (32-bit)
 Heap Region Size: 1M
 Heap Min Capacity: 8M
 Heap Initial Capacity: 126M
 Heap Max Capacity: 2016M
 Pre-touch: Disabled
 Parallel Workers: 8
 Concurrent Workers: 2
 Concurrent Refinement Workers: 8
 Periodic GC: Disabled

Heap:
 garbage-first heap   total 129024K, used 19456K [0x0000000082000000, 0x0000000100000000)
  region size 1024K, 19 young (19456K), 0 survivors (0K)
 Metaspace       used 6714K, committed 6912K, reserved 1114112K
  class space    used 805K, committed 896K, reserved 1048576K

Heap Regions: E=young(eden), S=young(survivor), O=old, HS=humongous(starts), HC=humongous(continues), CS=collection set, F=free, TAMS=top-at-mark-start, PB=parsable bottom
|   0|0x0000000082000000, 0x0000000082100000, 0x0000000082100000|100%|HS|  |TAMS 0x0000000082000000| PB 0x0000000082000000| Complete 
|   1|0x0000000082100000, 0x0000000082100000, 0x0000000082200000|  0%| F|  |TAMS 0x0000000082100000| PB 0x0000000082100000| Untracked 
|   2|0x0000000082200000, 0x0000000082200000, 0x0000000082300000|  0%| F|  |TAMS 0x0000000082200000| PB 0x0000000082200000| Untracked 
|   3|0x0000000082300000, 0x0000000082300000, 0x0000000082400000|  0%| F|  |TAMS 0x0000000082300000| PB 0x0000000082300000| Untracked 
|   4|0x0000000082400000, 0x0000000082400000, 0x0000000082500000|  0%| F|  |TAMS 0x0000000082400000| PB 0x0000000082400000| Untracked 
|   5|0x0000000082500000, 0x0000000082500000, 0x0000000082600000|  0%| F|  |TAMS 0x0000000082500000| PB 0x0000000082500000| Untracked 
|   6|0x0000000082600000, 0x0000000082600000, 0x0000000082700000|  0%| F|  |TAMS 0x0000000082600000| PB 0x0000000082600000| Untracked 
|   7|0x0000000082700000, 0x0000000082700000, 0x0000000082800000|  0%| F|  |TAMS 0x0000000082700000| PB 0x0000000082700000| Untracked 
|   8|0x0000000082800000, 0x0000000082800000, 0x0000000082900000|  0%| F|  |TAMS 0x0000000082800000| PB 0x0000000082800000| Untracked 
|   9|0x0000000082900000, 0x0000000082900000, 0x0000000082a00000|  0%| F|  |TAMS 0x0000000082900000| PB 0x0000000082900000| Untracked 
|  10|0x0000000082a00000, 0x0000000082a00000, 0x0000000082b00000|  0%| F|  |TAMS 0x0000000082a00000| PB 0x0000000082a00000| Untracked 
|  11|0x0000000082b00000, 0x0000000082b00000, 0x0000000082c00000|  0%| F|  |TAMS 0x0000000082b00000| PB 0x0000000082b00000| Untracked 
|  12|0x0000000082c00000, 0x0000000082c00000, 0x0000000082d00000|  0%| F|  |TAMS 0x0000000082c00000| PB 0x0000000082c00000| Untracked 
|  13|0x0000000082d00000, 0x0000000082d00000, 0x0000000082e00000|  0%| F|  |TAMS 0x0000000082d00000| PB 0x0000000082d00000| Untracked 
|  14|0x0000000082e00000, 0x0000000082e00000, 0x0000000082f00000|  0%| F|  |TAMS 0x0000000082e00000| PB 0x0000000082e00000| Untracked 
|  15|0x0000000082f00000, 0x0000000082f00000, 0x0000000083000000|  0%| F|  |TAMS 0x0000000082f00000| PB 0x0000000082f00000| Untracked 
|  16|0x0000000083000000, 0x0000000083000000, 0x0000000083100000|  0%| F|  |TAMS 0x0000000083000000| PB 0x0000000083000000| Untracked 
|  17|0x0000000083100000, 0x0000000083100000, 0x0000000083200000|  0%| F|  |TAMS 0x0000000083100000| PB 0x0000000083100000| Untracked 
|  18|0x0000000083200000, 0x0000000083200000, 0x0000000083300000|  0%| F|  |TAMS 0x0000000083200000| PB 0x0000000083200000| Untracked 
|  19|0x0000000083300000, 0x0000000083300000, 0x0000000083400000|  0%| F|  |TAMS 0x0000000083300000| PB 0x0000000083300000| Untracked 
|  20|0x0000000083400000, 0x0000000083400000, 0x0000000083500000|  0%| F|  |TAMS 0x0000000083400000| PB 0x0000000083400000| Untracked 
|  21|0x0000000083500000, 0x0000000083500000, 0x0000000083600000|  0%| F|  |TAMS 0x0000000083500000| PB 0x0000000083500000| Untracked 
|  22|0x0000000083600000, 0x0000000083600000, 0x0000000083700000|  0%| F|  |TAMS 0x0000000083600000| PB 0x0000000083600000| Untracked 
|  23|0x0000000083700000, 0x0000000083700000, 0x0000000083800000|  0%| F|  |TAMS 0x0000000083700000| PB 0x0000000083700000| Untracked 
|  24|0x0000000083800000, 0x0000000083800000, 0x0000000083900000|  0%| F|  |TAMS 0x0000000083800000| PB 0x0000000083800000| Untracked 
|  25|0x0000000083900000, 0x0000000083900000, 0x0000000083a00000|  0%| F|  |TAMS 0x0000000083900000| PB 0x0000000083900000| Untracked 
|  26|0x0000000083a00000, 0x0000000083a00000, 0x0000000083b00000|  0%| F|  |TAMS 0x0000000083a00000| PB 0x0000000083a00000| Untracked 
|  27|0x0000000083b00000, 0x0000000083b00000, 0x0000000083c00000|  0%| F|  |TAMS 0x0000000083b00000| PB 0x0000000083b00000| Untracked 
|  28|0x0000000083c00000, 0x0000000083c00000, 0x0000000083d00000|  0%| F|  |TAMS 0x0000000083c00000| PB 0x0000000083c00000| Untracked 
|  29|0x0000000083d00000, 0x0000000083d00000, 0x0000000083e00000|  0%| F|  |TAMS 0x0000000083d00000| PB 0x0000000083d00000| Untracked 
|  30|0x0000000083e00000, 0x0000000083e00000, 0x0000000083f00000|  0%| F|  |TAMS 0x0000000083e00000| PB 0x0000000083e00000| Untracked 
|  31|0x0000000083f00000, 0x0000000083f00000, 0x0000000084000000|  0%| F|  |TAMS 0x0000000083f00000| PB 0x0000000083f00000| Untracked 
|  32|0x0000000084000000, 0x0000000084000000, 0x0000000084100000|  0%| F|  |TAMS 0x0000000084000000| PB 0x0000000084000000| Untracked 
|  33|0x0000000084100000, 0x0000000084100000, 0x0000000084200000|  0%| F|  |TAMS 0x0000000084100000| PB 0x0000000084100000| Untracked 
|  34|0x0000000084200000, 0x0000000084200000, 0x0000000084300000|  0%| F|  |TAMS 0x0000000084200000| PB 0x0000000084200000| Untracked 
|  35|0x0000000084300000, 0x0000000084300000, 0x0000000084400000|  0%| F|  |TAMS 0x0000000084300000| PB 0x0000000084300000| Untracked 
|  36|0x0000000084400000, 0x0000000084400000, 0x0000000084500000|  0%| F|  |TAMS 0x0000000084400000| PB 0x0000000084400000| Untracked 
|  37|0x0000000084500000, 0x0000000084500000, 0x0000000084600000|  0%| F|  |TAMS 0x0000000084500000| PB 0x0000000084500000| Untracked 
|  38|0x0000000084600000, 0x0000000084600000, 0x0000000084700000|  0%| F|  |TAMS 0x0000000084600000| PB 0x0000000084600000| Untracked 
|  39|0x0000000084700000, 0x0000000084700000, 0x0000000084800000|  0%| F|  |TAMS 0x0000000084700000| PB 0x0000000084700000| Untracked 
|  40|0x0000000084800000, 0x0000000084800000, 0x0000000084900000|  0%| F|  |TAMS 0x0000000084800000| PB 0x0000000084800000| Untracked 
|  41|0x0000000084900000, 0x0000000084900000, 0x0000000084a00000|  0%| F|  |TAMS 0x0000000084900000| PB 0x0000000084900000| Untracked 
|  42|0x0000000084a00000, 0x0000000084a00000, 0x0000000084b00000|  0%| F|  |TAMS 0x0000000084a00000| PB 0x0000000084a00000| Untracked 
|  43|0x0000000084b00000, 0x0000000084b00000, 0x0000000084c00000|  0%| F|  |TAMS 0x0000000084b00000| PB 0x0000000084b00000| Untracked 
|  44|0x0000000084c00000, 0x0000000084c00000, 0x0000000084d00000|  0%| F|  |TAMS 0x0000000084c00000| PB 0x0000000084c00000| Untracked 
|  45|0x0000000084d00000, 0x0000000084d00000, 0x0000000084e00000|  0%| F|  |TAMS 0x0000000084d00000| PB 0x0000000084d00000| Untracked 
|  46|0x0000000084e00000, 0x0000000084e00000, 0x0000000084f00000|  0%| F|  |TAMS 0x0000000084e00000| PB 0x0000000084e00000| Untracked 
|  47|0x0000000084f00000, 0x0000000084f00000, 0x0000000085000000|  0%| F|  |TAMS 0x0000000084f00000| PB 0x0000000084f00000| Untracked 
|  48|0x0000000085000000, 0x0000000085000000, 0x0000000085100000|  0%| F|  |TAMS 0x0000000085000000| PB 0x0000000085000000| Untracked 
|  49|0x0000000085100000, 0x0000000085100000, 0x0000000085200000|  0%| F|  |TAMS 0x0000000085100000| PB 0x0000000085100000| Untracked 
|  50|0x0000000085200000, 0x0000000085200000, 0x0000000085300000|  0%| F|  |TAMS 0x0000000085200000| PB 0x0000000085200000| Untracked 
|  51|0x0000000085300000, 0x0000000085300000, 0x0000000085400000|  0%| F|  |TAMS 0x0000000085300000| PB 0x0000000085300000| Untracked 
|  52|0x0000000085400000, 0x0000000085400000, 0x0000000085500000|  0%| F|  |TAMS 0x0000000085400000| PB 0x0000000085400000| Untracked 
|  53|0x0000000085500000, 0x0000000085500000, 0x0000000085600000|  0%| F|  |TAMS 0x0000000085500000| PB 0x0000000085500000| Untracked 
|  54|0x0000000085600000, 0x0000000085600000, 0x0000000085700000|  0%| F|  |TAMS 0x0000000085600000| PB 0x0000000085600000| Untracked 
|  55|0x0000000085700000, 0x0000000085700000, 0x0000000085800000|  0%| F|  |TAMS 0x0000000085700000| PB 0x0000000085700000| Untracked 
|  56|0x0000000085800000, 0x0000000085800000, 0x0000000085900000|  0%| F|  |TAMS 0x0000000085800000| PB 0x0000000085800000| Untracked 
|  57|0x0000000085900000, 0x0000000085900000, 0x0000000085a00000|  0%| F|  |TAMS 0x0000000085900000| PB 0x0000000085900000| Untracked 
|  58|0x0000000085a00000, 0x0000000085a00000, 0x0000000085b00000|  0%| F|  |TAMS 0x0000000085a00000| PB 0x0000000085a00000| Untracked 
|  59|0x0000000085b00000, 0x0000000085b00000, 0x0000000085c00000|  0%| F|  |TAMS 0x0000000085b00000| PB 0x0000000085b00000| Untracked 
|  60|0x0000000085c00000, 0x0000000085c00000, 0x0000000085d00000|  0%| F|  |TAMS 0x0000000085c00000| PB 0x0000000085c00000| Untracked 
|  61|0x0000000085d00000, 0x0000000085d00000, 0x0000000085e00000|  0%| F|  |TAMS 0x0000000085d00000| PB 0x0000000085d00000| Untracked 
|  62|0x0000000085e00000, 0x0000000085e00000, 0x0000000085f00000|  0%| F|  |TAMS 0x0000000085e00000| PB 0x0000000085e00000| Untracked 
|  63|0x0000000085f00000, 0x0000000085f00000, 0x0000000086000000|  0%| F|  |TAMS 0x0000000085f00000| PB 0x0000000085f00000| Untracked 
|  64|0x0000000086000000, 0x0000000086000000, 0x0000000086100000|  0%| F|  |TAMS 0x0000000086000000| PB 0x0000000086000000| Untracked 
|  65|0x0000000086100000, 0x0000000086100000, 0x0000000086200000|  0%| F|  |TAMS 0x0000000086100000| PB 0x0000000086100000| Untracked 
|  66|0x0000000086200000, 0x0000000086200000, 0x0000000086300000|  0%| F|  |TAMS 0x0000000086200000| PB 0x0000000086200000| Untracked 
|  67|0x0000000086300000, 0x0000000086300000, 0x0000000086400000|  0%| F|  |TAMS 0x0000000086300000| PB 0x0000000086300000| Untracked 
|  68|0x0000000086400000, 0x0000000086400000, 0x0000000086500000|  0%| F|  |TAMS 0x0000000086400000| PB 0x0000000086400000| Untracked 
|  69|0x0000000086500000, 0x0000000086500000, 0x0000000086600000|  0%| F|  |TAMS 0x0000000086500000| PB 0x0000000086500000| Untracked 
|  70|0x0000000086600000, 0x0000000086600000, 0x0000000086700000|  0%| F|  |TAMS 0x0000000086600000| PB 0x0000000086600000| Untracked 
|  71|0x0000000086700000, 0x0000000086700000, 0x0000000086800000|  0%| F|  |TAMS 0x0000000086700000| PB 0x0000000086700000| Untracked 
|  72|0x0000000086800000, 0x0000000086800000, 0x0000000086900000|  0%| F|  |TAMS 0x0000000086800000| PB 0x0000000086800000| Untracked 
|  73|0x0000000086900000, 0x0000000086900000, 0x0000000086a00000|  0%| F|  |TAMS 0x0000000086900000| PB 0x0000000086900000| Untracked 
|  74|0x0000000086a00000, 0x0000000086a00000, 0x0000000086b00000|  0%| F|  |TAMS 0x0000000086a00000| PB 0x0000000086a00000| Untracked 
|  75|0x0000000086b00000, 0x0000000086b00000, 0x0000000086c00000|  0%| F|  |TAMS 0x0000000086b00000| PB 0x0000000086b00000| Untracked 
|  76|0x0000000086c00000, 0x0000000086c00000, 0x0000000086d00000|  0%| F|  |TAMS 0x0000000086c00000| PB 0x0000000086c00000| Untracked 
|  77|0x0000000086d00000, 0x0000000086d00000, 0x0000000086e00000|  0%| F|  |TAMS 0x0000000086d00000| PB 0x0000000086d00000| Untracked 
|  78|0x0000000086e00000, 0x0000000086e00000, 0x0000000086f00000|  0%| F|  |TAMS 0x0000000086e00000| PB 0x0000000086e00000| Untracked 
|  79|0x0000000086f00000, 0x0000000086f00000, 0x0000000087000000|  0%| F|  |TAMS 0x0000000086f00000| PB 0x0000000086f00000| Untracked 
|  80|0x0000000087000000, 0x0000000087000000, 0x0000000087100000|  0%| F|  |TAMS 0x0000000087000000| PB 0x0000000087000000| Untracked 
|  81|0x0000000087100000, 0x0000000087100000, 0x0000000087200000|  0%| F|  |TAMS 0x0000000087100000| PB 0x0000000087100000| Untracked 
|  82|0x0000000087200000, 0x0000000087200000, 0x0000000087300000|  0%| F|  |TAMS 0x0000000087200000| PB 0x0000000087200000| Untracked 
|  83|0x0000000087300000, 0x0000000087300000, 0x0000000087400000|  0%| F|  |TAMS 0x0000000087300000| PB 0x0000000087300000| Untracked 
|  84|0x0000000087400000, 0x0000000087400000, 0x0000000087500000|  0%| F|  |TAMS 0x0000000087400000| PB 0x0000000087400000| Untracked 
|  85|0x0000000087500000, 0x0000000087500000, 0x0000000087600000|  0%| F|  |TAMS 0x0000000087500000| PB 0x0000000087500000| Untracked 
|  86|0x0000000087600000, 0x0000000087600000, 0x0000000087700000|  0%| F|  |TAMS 0x0000000087600000| PB 0x0000000087600000| Untracked 
|  87|0x0000000087700000, 0x0000000087700000, 0x0000000087800000|  0%| F|  |TAMS 0x0000000087700000| PB 0x0000000087700000| Untracked 
|  88|0x0000000087800000, 0x0000000087800000, 0x0000000087900000|  0%| F|  |TAMS 0x0000000087800000| PB 0x0000000087800000| Untracked 
|  89|0x0000000087900000, 0x0000000087900000, 0x0000000087a00000|  0%| F|  |TAMS 0x0000000087900000| PB 0x0000000087900000| Untracked 
|  90|0x0000000087a00000, 0x0000000087a00000, 0x0000000087b00000|  0%| F|  |TAMS 0x0000000087a00000| PB 0x0000000087a00000| Untracked 
|  91|0x0000000087b00000, 0x0000000087b00000, 0x0000000087c00000|  0%| F|  |TAMS 0x0000000087b00000| PB 0x0000000087b00000| Untracked 
|  92|0x0000000087c00000, 0x0000000087c00000, 0x0000000087d00000|  0%| F|  |TAMS 0x0000000087c00000| PB 0x0000000087c00000| Untracked 
|  93|0x0000000087d00000, 0x0000000087d00000, 0x0000000087e00000|  0%| F|  |TAMS 0x0000000087d00000| PB 0x0000000087d00000| Untracked 
|  94|0x0000000087e00000, 0x0000000087e00000, 0x0000000087f00000|  0%| F|  |TAMS 0x0000000087e00000| PB 0x0000000087e00000| Untracked 
|  95|0x0000000087f00000, 0x0000000087f00000, 0x0000000088000000|  0%| F|  |TAMS 0x0000000087f00000| PB 0x0000000087f00000| Untracked 
|  96|0x0000000088000000, 0x0000000088000000, 0x0000000088100000|  0%| F|  |TAMS 0x0000000088000000| PB 0x0000000088000000| Untracked 
|  97|0x0000000088100000, 0x0000000088100000, 0x0000000088200000|  0%| F|  |TAMS 0x0000000088100000| PB 0x0000000088100000| Untracked 
|  98|0x0000000088200000, 0x0000000088200000, 0x0000000088300000|  0%| F|  |TAMS 0x0000000088200000| PB 0x0000000088200000| Untracked 
|  99|0x0000000088300000, 0x0000000088300000, 0x0000000088400000|  0%| F|  |TAMS 0x0000000088300000| PB 0x0000000088300000| Untracked 
| 100|0x0000000088400000, 0x0000000088400000, 0x0000000088500000|  0%| F|  |TAMS 0x0000000088400000| PB 0x0000000088400000| Untracked 
| 101|0x0000000088500000, 0x0000000088500000, 0x0000000088600000|  0%| F|  |TAMS 0x0000000088500000| PB 0x0000000088500000| Untracked 
| 102|0x0000000088600000, 0x0000000088600000, 0x0000000088700000|  0%| F|  |TAMS 0x0000000088600000| PB 0x0000000088600000| Untracked 
| 103|0x0000000088700000, 0x0000000088700000, 0x0000000088800000|  0%| F|  |TAMS 0x0000000088700000| PB 0x0000000088700000| Untracked 
| 104|0x0000000088800000, 0x0000000088800000, 0x0000000088900000|  0%| F|  |TAMS 0x0000000088800000| PB 0x0000000088800000| Untracked 
| 105|0x0000000088900000, 0x0000000088900000, 0x0000000088a00000|  0%| F|  |TAMS 0x0000000088900000| PB 0x0000000088900000| Untracked 
| 106|0x0000000088a00000, 0x0000000088a00000, 0x0000000088b00000|  0%| F|  |TAMS 0x0000000088a00000| PB 0x0000000088a00000| Untracked 
| 107|0x0000000088b00000, 0x0000000088bf3910, 0x0000000088c00000| 95%| E|  |TAMS 0x0000000088b00000| PB 0x0000000088b00000| Complete 
| 108|0x0000000088c00000, 0x0000000088d00000, 0x0000000088d00000|100%| E|CS|TAMS 0x0000000088c00000| PB 0x0000000088c00000| Complete 
| 109|0x0000000088d00000, 0x0000000088e00000, 0x0000000088e00000|100%| E|CS|TAMS 0x0000000088d00000| PB 0x0000000088d00000| Complete 
| 110|0x0000000088e00000, 0x0000000088f00000, 0x0000000088f00000|100%| E|CS|TAMS 0x0000000088e00000| PB 0x0000000088e00000| Complete 
| 111|0x0000000088f00000, 0x0000000089000000, 0x0000000089000000|100%| E|CS|TAMS 0x0000000088f00000| PB 0x0000000088f00000| Complete 
| 112|0x0000000089000000, 0x0000000089100000, 0x0000000089100000|100%| E|CS|TAMS 0x0000000089000000| PB 0x0000000089000000| Complete 
| 113|0x0000000089100000, 0x0000000089200000, 0x0000000089200000|100%| E|CS|TAMS 0x0000000089100000| PB 0x0000000089100000| Complete 
| 114|0x0000000089200000, 0x0000000089300000, 0x0000000089300000|100%| E|CS|TAMS 0x0000000089200000| PB 0x0000000089200000| Complete 
| 115|0x0000000089300000, 0x0000000089400000, 0x0000000089400000|100%| E|CS|TAMS 0x0000000089300000| PB 0x0000000089300000| Complete 
| 116|0x0000000089400000, 0x0000000089500000, 0x0000000089500000|100%| E|CS|TAMS 0x0000000089400000| PB 0x0000000089400000| Complete 
| 117|0x0000000089500000, 0x0000000089600000, 0x0000000089600000|100%| E|CS|TAMS 0x0000000089500000| PB 0x0000000089500000| Complete 
| 118|0x0000000089600000, 0x0000000089700000, 0x0000000089700000|100%| E|CS|TAMS 0x0000000089600000| PB 0x0000000089600000| Complete 
| 119|0x0000000089700000, 0x0000000089800000, 0x0000000089800000|100%| E|CS|TAMS 0x0000000089700000| PB 0x0000000089700000| Complete 
| 120|0x0000000089800000, 0x0000000089900000, 0x0000000089900000|100%| E|CS|TAMS 0x0000000089800000| PB 0x0000000089800000| Complete 
| 121|0x0000000089900000, 0x0000000089a00000, 0x0000000089a00000|100%| E|CS|TAMS 0x0000000089900000| PB 0x0000000089900000| Complete 
| 122|0x0000000089a00000, 0x0000000089b00000, 0x0000000089b00000|100%| E|CS|TAMS 0x0000000089a00000| PB 0x0000000089a00000| Complete 
| 123|0x0000000089b00000, 0x0000000089c00000, 0x0000000089c00000|100%| E|CS|TAMS 0x0000000089b00000| PB 0x0000000089b00000| Complete 
| 124|0x0000000089c00000, 0x0000000089d00000, 0x0000000089d00000|100%| E|CS|TAMS 0x0000000089c00000| PB 0x0000000089c00000| Complete 
| 125|0x0000000089d00000, 0x0000000089e00000, 0x0000000089e00000|100%| E|CS|TAMS 0x0000000089d00000| PB 0x0000000089d00000| Complete 

Card table byte_map: [0x000002ac75070000,0x000002ac75460000] _byte_map_base: 0x000002ac74c60000

Marking Bits: (CMBitMap*) 0x000002ac69762f40
 Bits: [0x000002ac75460000, 0x000002ac773e0000)

Polling page: 0x000002ac676c0000

Metaspace:

Usage:
  Non-class:      5.77 MB used.
      Class:    805.91 KB used.
       Both:      6.56 MB used.

Virtual space:
  Non-class space:       64.00 MB reserved,       5.88 MB (  9%) committed,  1 nodes.
      Class space:        1.00 GB reserved,     896.00 KB ( <1%) committed,  1 nodes.
             Both:        1.06 GB reserved,       6.75 MB ( <1%) committed. 

Chunk freelists:
   Non-Class:  9.77 MB
       Class:  15.07 MB
        Both:  24.84 MB

MaxMetaspaceSize: unlimited
CompressedClassSpaceSize: 1.00 GB
Initial GC threshold: 21.00 MB
Current GC threshold: 21.00 MB
CDS: on
 - commit_granule_bytes: 65536.
 - commit_granule_words: 8192.
 - virtual_space_node_default_size: 8388608.
 - enlarge_chunks_in_place: 1.
 - use_allocation_guard: 0.


Internal statistics:

num_allocs_failed_limit: 0.
num_arena_births: 176.
num_arena_deaths: 0.
num_vsnodes_births: 2.
num_vsnodes_deaths: 0.
num_space_committed: 108.
num_space_uncommitted: 0.
num_chunks_returned_to_freelist: 0.
num_chunks_taken_from_freelist: 247.
num_chunk_merges: 0.
num_chunk_splits: 169.
num_chunks_enlarged: 108.
num_inconsistent_stats: 0.

CodeCache: size=49152Kb used=4838Kb max_used=4838Kb free=44313Kb
 bounds [0x000002ac71b70000, 0x000002ac72030000, 0x000002ac74b70000]
 total_blobs=1823 nmethods=1342 adapters=403
 compilation: enabled
              stopped_count=0, restarted_count=0
 full_count=0

Compilation events (20 events):
Event: 0.763 Thread 0x000002ac7e189070 nmethod 1330 0x000002ac72025210 code [0x000002ac720253c0, 0x000002ac720254f8]
Event: 0.764 Thread 0x000002ac79e9fab0 1335       1       java.net.URL::toExternalForm (9 bytes)
Event: 0.764 Thread 0x000002ac7e189070 1334       1       java.net.URL::toString (5 bytes)
Event: 0.764 Thread 0x000002ac7e189740 1336       1       java.net.URLStreamHandler::toExternalForm (156 bytes)
Event: 0.764 Thread 0x000002ac7e189070 nmethod 1334 0x000002ac72026410 code [0x000002ac720265c0, 0x000002ac720266b8]
Event: 0.764 Thread 0x000002ac79e9fab0 nmethod 1335 0x000002ac72026790 code [0x000002ac72026940, 0x000002ac72026a38]
Event: 0.765 Thread 0x000002ac7e189740 nmethod 1336 0x000002ac72026b10 code [0x000002ac72026de0, 0x000002ac720275d8]
Event: 0.766 Thread 0x000002ac7e1889a0 1337       1       java.util.zip.ZipEntry::getName (5 bytes)
Event: 0.766 Thread 0x000002ac7e1889a0 nmethod 1337 0x000002ac72027a90 code [0x000002ac72027c20, 0x000002ac72027ce8]
Event: 0.771 Thread 0x000002ac7e1889a0 1338       1       java.util.Properties::loadConvert (540 bytes)
Event: 0.772 Thread 0x000002ac7e1889a0 nmethod 1338 0x000002ac72027d90 code [0x000002ac72027fe0, 0x000002ac72028738]
Event: 0.773 Thread 0x000002ac7e1889a0 1339       1       java.util.stream.AbstractPipeline::isParallel (8 bytes)
Event: 0.774 Thread 0x000002ac7e1889a0 nmethod 1339 0x000002ac72028c90 code [0x000002ac72028e20, 0x000002ac72028ef8]
Event: 0.774 Thread 0x000002ac7e1889a0 1340       1       org.springframework.util.StringUtils::hasLength (17 bytes)
Event: 0.774 Thread 0x000002ac7e1889a0 nmethod 1340 0x000002ac72028f90 code [0x000002ac72029120, 0x000002ac72029208]
Event: 0.774 Thread 0x000002ac7e1889a0 1341       1       java.util.stream.PipelineHelper::<init> (5 bytes)
Event: 0.774 Thread 0x000002ac7e189070 1342       1       java.util.stream.AbstractPipeline::getStreamAndOpFlags (5 bytes)
Event: 0.774 Thread 0x000002ac7e1889a0 nmethod 1341 0x000002ac72029310 code [0x000002ac720294a0, 0x000002ac72029568]
Event: 0.774 Thread 0x000002ac7e189070 nmethod 1342 0x000002ac72029610 code [0x000002ac720297a0, 0x000002ac72029868]
Event: 0.776 Thread 0x000002ac7e189070 1343       1       java.net.URLStreamHandler::parseURL (1124 bytes)

GC Heap History (0 events):
No events

Dll operation events (11 events):
Event: 0.009 Loaded shared library C:\Program Files\Java\jdk-21\bin\java.dll
Event: 0.135 Loaded shared library C:\Program Files\Java\jdk-21\bin\zip.dll
Event: 0.139 Loaded shared library C:\Program Files\Java\jdk-21\bin\instrument.dll
Event: 0.143 Loaded shared library C:\Program Files\Java\jdk-21\bin\net.dll
Event: 0.145 Loaded shared library C:\Program Files\Java\jdk-21\bin\nio.dll
Event: 0.150 Loaded shared library C:\Program Files\Java\jdk-21\bin\zip.dll
Event: 0.227 Loaded shared library D:\Program Files\IntelliJ IDEA 2024.2.3\bin\breakgen64.dll
Event: 0.234 Loaded shared library C:\Program Files\Java\jdk-21\bin\jimage.dll
Event: 0.237 Loaded shared library C:\Program Files\Java\jdk-21\bin\extnet.dll
Event: 0.252 Loaded shared library C:\Program Files\Java\jdk-21\bin\management.dll
Event: 0.261 Loaded shared library C:\Program Files\Java\jdk-21\bin\management_ext.dll

Deoptimization events (0 events):
No events

Classes loaded (20 events):
Event: 0.767 Loading class java/net/URISyntaxException
Event: 0.767 Loading class java/net/URISyntaxException done
Event: 0.768 Loading class java/nio/file/NoSuchFileException
Event: 0.768 Loading class java/nio/file/FileSystemException
Event: 0.768 Loading class java/nio/file/FileSystemException done
Event: 0.768 Loading class java/nio/file/NoSuchFileException done
Event: 0.768 Loading class java/io/UncheckedIOException
Event: 0.768 Loading class java/io/UncheckedIOException done
Event: 0.769 Loading class java/net/HttpURLConnection
Event: 0.769 Loading class java/net/HttpURLConnection done
Event: 0.771 Loading class java/net/URLDecoder
Event: 0.771 Loading class java/net/URLDecoder done
Event: 0.775 Loading class java/util/stream/DistinctOps
Event: 0.775 Loading class java/util/stream/DistinctOps done
Event: 0.775 Loading class java/util/stream/DistinctOps$1
Event: 0.775 Loading class java/util/stream/ReferencePipeline$StatefulOp
Event: 0.775 Loading class java/util/stream/ReferencePipeline$StatefulOp done
Event: 0.775 Loading class java/util/stream/DistinctOps$1 done
Event: 0.775 Loading class java/util/stream/DistinctOps$1$2
Event: 0.775 Loading class java/util/stream/DistinctOps$1$2 done

Classes unloaded (0 events):
No events

Classes redefined (0 events):
No events

Internal exceptions (19 events):
Event: 0.217 Thread 0x000002ac674be050 Exception <a 'java/lang/NoSuchMethodError'{0x000000008974cf50}: 'void java.lang.invoke.DirectMethodHandle$Holder.invokeStatic(java.lang.Object, java.lang.Object, java.lang.Object)'> (0x000000008974cf50) 
thrown [s\open\src\hotspot\share\interpreter\linkResolver.cpp, line 773]
Event: 0.222 Thread 0x000002ac674be050 Exception <a 'java/lang/NoSuchMethodError'{0x0000000089764458}: 'java.lang.Object java.lang.invoke.Invokers$Holder.invokeExact_MT(java.lang.Object, java.lang.Object, java.lang.Object, java.lang.Object, java.lang.Object)'> (0x0000000089764458) 
thrown [s\open\src\hotspot\share\interpreter\linkResolver.cpp, line 773]
Event: 0.239 Thread 0x000002ac7e529e70 Exception <a 'java/lang/NoSuchMethodError'{0x0000000089798f58}: 'void java.lang.invoke.DirectMethodHandle$Holder.invokeStatic(java.lang.Object, java.lang.Object)'> (0x0000000089798f58) 
thrown [s\open\src\hotspot\share\interpreter\linkResolver.cpp, line 773]
Event: 0.265 Thread 0x000002ac674be050 Exception <a 'java/lang/NoSuchMethodError'{0x000000008961b0c0}: 'int java.lang.invoke.DirectMethodHandle$Holder.invokeInterface(java.lang.Object, java.lang.Object)'> (0x000000008961b0c0) 
thrown [s\open\src\hotspot\share\interpreter\linkResolver.cpp, line 773]
Event: 0.265 Thread 0x000002ac674be050 Exception <a 'java/lang/IncompatibleClassChangeError'{0x000000008961e3d8}: Found class java.lang.Object, but interface was expected> (0x000000008961e3d8) 
thrown [s\open\src\hotspot\share\interpreter\linkResolver.cpp, line 840]
Event: 0.306 Thread 0x000002ac674be050 Exception <a 'java/lang/NoSuchMethodError'{0x00000000896e54e8}: 'int java.lang.invoke.DirectMethodHandle$Holder.invokeSpecial(java.lang.Object, java.lang.Object, java.lang.Object)'> (0x00000000896e54e8) 
thrown [s\open\src\hotspot\share\interpreter\linkResolver.cpp, line 773]
Event: 0.337 Thread 0x000002ac674be050 Exception <a 'java/lang/NoSuchMethodError'{0x000000008942c4f8}: 'java.lang.Object java.lang.invoke.DirectMethodHandle$Holder.invokeStaticInit(java.lang.Object, java.lang.Object, java.lang.Object)'> (0x000000008942c4f8) 
thrown [s\open\src\hotspot\share\interpreter\linkResolver.cpp, line 773]
Event: 0.401 Thread 0x000002ac674be050 Exception <a 'java/lang/NoSuchMethodError'{0x00000000891b1168}: 'int java.lang.invoke.DirectMethodHandle$Holder.invokeSpecialIFC(java.lang.Object, java.lang.Object, java.lang.Object)'> (0x00000000891b1168) 
thrown [s\open\src\hotspot\share\interpreter\linkResolver.cpp, line 773]
Event: 0.441 Thread 0x000002ac674be050 Exception <a 'java/lang/NoSuchMethodError'{0x0000000089022a78}: 'java.lang.Object java.lang.invoke.DirectMethodHandle$Holder.invokeStaticInit(java.lang.Object, int, int, int, int)'> (0x0000000089022a78) 
thrown [s\open\src\hotspot\share\interpreter\linkResolver.cpp, line 773]
Event: 0.452 Thread 0x000002ac674be050 Exception <a 'java/lang/NoSuchMethodError'{0x0000000089043938}: 'java.lang.Object java.lang.invoke.DirectMethodHandle$Holder.invokeStaticInit(java.lang.Object, java.lang.Object, int, int, int, int)'> (0x0000000089043938) 
thrown [s\open\src\hotspot\share\interpreter\linkResolver.cpp, line 773]
Event: 0.467 Thread 0x000002ac674be050 Exception <a 'java/lang/ClassNotFoundException'{0x0000000089060520}: javax/management/remote/rmi/RMIServerImpl_Skel> (0x0000000089060520) 
thrown [s\open\src\hotspot\share\classfile\systemDictionary.cpp, line 312]
Event: 0.476 Thread 0x000002ac674be050 Exception <a 'java/lang/NoSuchMethodError'{0x000000008907d3d8}: 'long java.lang.invoke.DirectMethodHandle$Holder.invokeSpecial(java.lang.Object, java.lang.Object)'> (0x000000008907d3d8) 
thrown [s\open\src\hotspot\share\interpreter\linkResolver.cpp, line 773]
Event: 0.476 Thread 0x000002ac674be050 Exception <a 'java/lang/NoSuchMethodError'{0x0000000089080aa0}: 'long java.lang.invoke.Invokers$Holder.invokeExact_MT(java.lang.Object, java.lang.Object)'> (0x0000000089080aa0) 
thrown [s\open\src\hotspot\share\interpreter\linkResolver.cpp, line 773]
Event: 0.482 Thread 0x000002ac674be050 Exception <a 'java/lang/NoSuchMethodError'{0x0000000089099bd8}: 'void java.lang.invoke.DirectMethodHandle$Holder.invokeSpecial(java.lang.Object, java.lang.Object, java.lang.Object)'> (0x0000000089099bd8) 
thrown [s\open\src\hotspot\share\interpreter\linkResolver.cpp, line 773]
Event: 0.610 Thread 0x000002ac674be050 Exception <a 'java/lang/ClassNotFoundException'{0x0000000088e78640}: javax/smartcardio/CardPermission> (0x0000000088e78640) 
thrown [s\open\src\hotspot\share\classfile\systemDictionary.cpp, line 312]
Event: 0.617 Thread 0x000002ac674be050 Exception <a 'java/io/FileNotFoundException'{0x0000000088e86e40}> (0x0000000088e86e40) 
thrown [s\open\src\hotspot\share\prims\jni.cpp, line 520]
Event: 0.652 Thread 0x000002ac674be050 Exception <a 'java/lang/NoSuchMethodError'{0x0000000088ef9858}: 'java.lang.Object java.lang.invoke.DirectMethodHandle$Holder.invokeSpecial(java.lang.Object, java.lang.Object, java.lang.Object, long, java.lang.Object)'> (0x0000000088ef9858) 
thrown [s\open\src\hotspot\share\interpreter\linkResolver.cpp, line 773]
Event: 0.653 Thread 0x000002ac674be050 Exception <a 'java/lang/NoSuchMethodError'{0x0000000088efd1a8}: 'java.lang.Object java.lang.invoke.Invokers$Holder.linkToTargetMethod(java.lang.Object, long, java.lang.Object, java.lang.Object)'> (0x0000000088efd1a8) 
thrown [s\open\src\hotspot\share\interpreter\linkResolver.cpp, line 773]
Event: 0.757 Thread 0x000002ac674be050 Exception <a 'java/lang/NoSuchMethodError'{0x0000000088ce3038}: 'void java.lang.invoke.DirectMethodHandle$Holder.invokeStatic(java.lang.Object, java.lang.Object, java.lang.Object, java.lang.Object)'> (0x0000000088ce3038) 
thrown [s\open\src\hotspot\share\interpreter\linkResolver.cpp, line 773]

ZGC Phase Switch (0 events):
No events

VM Operations (12 events):
Event: 0.124 Executing VM operation: HandshakeAllThreads (Deoptimize)
Event: 0.124 Executing VM operation: HandshakeAllThreads (Deoptimize) done
Event: 0.413 Executing VM operation: HandshakeAllThreads (Deoptimize)
Event: 0.413 Executing VM operation: HandshakeAllThreads (Deoptimize) done
Event: 0.466 Executing VM operation: HandshakeAllThreads (Deoptimize)
Event: 0.466 Executing VM operation: HandshakeAllThreads (Deoptimize) done
Event: 0.485 Executing VM operation: HandshakeAllThreads (Deoptimize)
Event: 0.485 Executing VM operation: HandshakeAllThreads (Deoptimize) done
Event: 0.540 Executing VM operation: HandshakeAllThreads (Deoptimize)
Event: 0.540 Executing VM operation: HandshakeAllThreads (Deoptimize) done
Event: 0.548 Executing VM operation: HandshakeAllThreads (Deoptimize)
Event: 0.548 Executing VM operation: HandshakeAllThreads (Deoptimize) done

Events (15 events):
Event: 0.033 Thread 0x000002ac674be050 Thread added: 0x000002ac674be050
Event: 0.048 Thread 0x000002ac79e8cde0 Thread added: 0x000002ac79e8cde0
Event: 0.048 Thread 0x000002ac79e8db00 Thread added: 0x000002ac79e8db00
Event: 0.048 Thread 0x000002ac79e8e820 Thread added: 0x000002ac79e8e820
Event: 0.048 Thread 0x000002ac79e90670 Thread added: 0x000002ac79e90670
Event: 0.049 Thread 0x000002ac79e910d0 Thread added: 0x000002ac79e910d0
Event: 0.049 Thread 0x000002ac79e91b30 Thread added: 0x000002ac79e91b30
Event: 0.049 Thread 0x000002ac79e9fab0 Thread added: 0x000002ac79e9fab0
Event: 0.055 Thread 0x000002ac7e189070 Thread added: 0x000002ac7e189070
Event: 0.115 Thread 0x000002ac79e59900 Thread added: 0x000002ac79e59900
Event: 0.228 Thread 0x000002ac7e529e70 Thread added: 0x000002ac7e529e70
Event: 0.228 Thread 0x000002ac7e52a4e0 Thread added: 0x000002ac7e52a4e0
Event: 0.359 Thread 0x000002ac7e189740 Thread added: 0x000002ac7e189740
Event: 0.366 Thread 0x000002ac7e1889a0 Thread added: 0x000002ac7e1889a0
Event: 0.473 Thread 0x000002ac7e7310a0 Thread added: 0x000002ac7e7310a0


Dynamic libraries:
0x00007ff726040000 - 0x00007ff726050000 	C:\Program Files\Java\jdk-21\bin\java.exe
0x00007ff84e270000 - 0x00007ff84e468000 	C:\WINDOWS\SYSTEM32\ntdll.dll
0x00007ff84c970000 - 0x00007ff84ca32000 	C:\WINDOWS\System32\KERNEL32.DLL
0x00007ff84b910000 - 0x00007ff84bc0e000 	C:\WINDOWS\System32\KERNELBASE.dll
0x00007ff84c080000 - 0x00007ff84c180000 	C:\WINDOWS\System32\ucrtbase.dll
0x00007ff82cff0000 - 0x00007ff82d009000 	C:\Program Files\Java\jdk-21\bin\jli.dll
0x00007ff845ce0000 - 0x00007ff845cfb000 	C:\Program Files\Java\jdk-21\bin\VCRUNTIME140.dll
0x00007ff84ca40000 - 0x00007ff84caf2000 	C:\WINDOWS\System32\ADVAPI32.dll
0x00007ff84c630000 - 0x00007ff84c6ce000 	C:\WINDOWS\System32\msvcrt.dll
0x00007ff84c320000 - 0x00007ff84c3c0000 	C:\WINDOWS\System32\sechost.dll
0x00007ff84c6d0000 - 0x00007ff84c7f3000 	C:\WINDOWS\System32\RPCRT4.dll
0x00007ff84c260000 - 0x00007ff84c287000 	C:\WINDOWS\System32\bcrypt.dll
0x00007ff84e070000 - 0x00007ff84e20d000 	C:\WINDOWS\System32\USER32.dll
0x00007ff84bfb0000 - 0x00007ff84bfd2000 	C:\WINDOWS\System32\win32u.dll
0x00007ff835900000 - 0x00007ff835b9a000 	C:\WINDOWS\WinSxS\amd64_microsoft.windows.common-controls_6595b64144ccf1df_6.0.19041.4355_none_60b8b9eb71f62e16\COMCTL32.dll
0x00007ff84c3c0000 - 0x00007ff84c3eb000 	C:\WINDOWS\System32\GDI32.dll
0x00007ff84bc80000 - 0x00007ff84bd97000 	C:\WINDOWS\System32\gdi32full.dll
0x00007ff84bfe0000 - 0x00007ff84c07d000 	C:\WINDOWS\System32\msvcp_win.dll
0x00007ff845b30000 - 0x00007ff845b3a000 	C:\WINDOWS\SYSTEM32\VERSION.dll
0x00007ff84c290000 - 0x00007ff84c2bf000 	C:\WINDOWS\System32\IMM32.DLL
0x00007ff839cf0000 - 0x00007ff839cfc000 	C:\Program Files\Java\jdk-21\bin\vcruntime140_1.dll
0x00007ff81fe00000 - 0x00007ff81fe8e000 	C:\Program Files\Java\jdk-21\bin\msvcp140.dll
0x00007ff800400000 - 0x00007ff801117000 	C:\Program Files\Java\jdk-21\bin\server\jvm.dll
0x00007ff84e000000 - 0x00007ff84e06b000 	C:\WINDOWS\System32\WS2_32.dll
0x00007ff84b770000 - 0x00007ff84b7bb000 	C:\WINDOWS\SYSTEM32\POWRPROF.dll
0x00007ff839540000 - 0x00007ff839567000 	C:\WINDOWS\SYSTEM32\WINMM.dll
0x00007ff84b750000 - 0x00007ff84b762000 	C:\WINDOWS\SYSTEM32\UMPDC.dll
0x00007ff849750000 - 0x00007ff849762000 	C:\WINDOWS\SYSTEM32\kernel.appcore.dll
0x00007ff82ccd0000 - 0x00007ff82ccda000 	C:\Program Files\Java\jdk-21\bin\jimage.dll
0x00007ff837cc0000 - 0x00007ff837ea4000 	C:\WINDOWS\SYSTEM32\DBGHELP.DLL
0x00007ff8379e0000 - 0x00007ff837a14000 	C:\WINDOWS\SYSTEM32\dbgcore.DLL
0x00007ff84c180000 - 0x00007ff84c202000 	C:\WINDOWS\System32\bcryptPrimitives.dll
0x00007ff83c5d0000 - 0x00007ff83c5df000 	C:\Program Files\Java\jdk-21\bin\instrument.dll
0x00007ff82ca30000 - 0x00007ff82ca4f000 	C:\Program Files\Java\jdk-21\bin\java.dll
0x00007ff84cb00000 - 0x00007ff84d26f000 	C:\WINDOWS\System32\SHELL32.dll
0x00007ff849950000 - 0x00007ff84a0f4000 	C:\WINDOWS\SYSTEM32\windows.storage.dll
0x00007ff84d6f0000 - 0x00007ff84da43000 	C:\WINDOWS\System32\combase.dll
0x00007ff84b270000 - 0x00007ff84b29e000 	C:\WINDOWS\SYSTEM32\Wldp.dll
0x00007ff84c8a0000 - 0x00007ff84c96d000 	C:\WINDOWS\System32\OLEAUT32.dll
0x00007ff84da50000 - 0x00007ff84dafd000 	C:\WINDOWS\System32\SHCORE.dll
0x00007ff84dd00000 - 0x00007ff84dd55000 	C:\WINDOWS\System32\shlwapi.dll
0x00007ff84b840000 - 0x00007ff84b864000 	C:\WINDOWS\SYSTEM32\profapi.dll
0x00007ff826010000 - 0x00007ff826028000 	C:\Program Files\Java\jdk-21\bin\zip.dll
0x00007ff82ccc0000 - 0x00007ff82ccd0000 	C:\Program Files\Java\jdk-21\bin\net.dll
0x00007ff843c20000 - 0x00007ff843d2d000 	C:\WINDOWS\SYSTEM32\WINHTTP.dll
0x00007ff84af90000 - 0x00007ff84affa000 	C:\WINDOWS\system32\mswsock.dll
0x00007ff828740000 - 0x00007ff828756000 	C:\Program Files\Java\jdk-21\bin\nio.dll
0x00007ff83b550000 - 0x00007ff83b56a000 	D:\Program Files\IntelliJ IDEA 2024.2.3\bin\breakgen64.dll
0x00007ff828730000 - 0x00007ff828739000 	C:\Program Files\Java\jdk-21\bin\extnet.dll
0x00007ff84acc0000 - 0x00007ff84ad8a000 	C:\WINDOWS\SYSTEM32\DNSAPI.dll
0x00007ff84ac70000 - 0x00007ff84acab000 	C:\WINDOWS\SYSTEM32\IPHLPAPI.DLL
0x00007ff84c890000 - 0x00007ff84c898000 	C:\WINDOWS\System32\NSI.dll
0x00007ff83a740000 - 0x00007ff83a74a000 	C:\Windows\System32\rasadhlp.dll
0x00007ff83aab0000 - 0x00007ff83ab30000 	C:\WINDOWS\System32\fwpuclnt.dll
0x00007ff829da0000 - 0x00007ff829daa000 	C:\Program Files\Java\jdk-21\bin\management.dll
0x00007ff8294f0000 - 0x00007ff8294fb000 	C:\Program Files\Java\jdk-21\bin\management_ext.dll
0x00007ff84c880000 - 0x00007ff84c888000 	C:\WINDOWS\System32\PSAPI.DLL
0x00007ff84b1d0000 - 0x00007ff84b1e8000 	C:\WINDOWS\SYSTEM32\CRYPTSP.dll
0x00007ff84a8b0000 - 0x00007ff84a8e4000 	C:\WINDOWS\system32\rsaenh.dll
0x00007ff84b7c0000 - 0x00007ff84b7ee000 	C:\WINDOWS\SYSTEM32\USERENV.dll
0x00007ff84b1c0000 - 0x00007ff84b1cc000 	C:\WINDOWS\SYSTEM32\CRYPTBASE.dll
0x00007ff835020000 - 0x00007ff835037000 	C:\WINDOWS\system32\napinsp.dll
0x00007ff835080000 - 0x00007ff83509b000 	C:\WINDOWS\system32\pnrpnsp.dll
0x00007ff834ca0000 - 0x00007ff834cb5000 	C:\WINDOWS\system32\wshbth.dll
0x00007ff848570000 - 0x00007ff84858d000 	C:\WINDOWS\system32\NLAapi.dll
0x00007ff834bf0000 - 0x00007ff834c02000 	C:\WINDOWS\System32\winrnr.dll

dbghelp: loaded successfully - version: 4.0.5 - missing functions: none
symbol engine: initialized successfully - sym options: 0x614 - pdb path: (cannot be retrieved)

VM Arguments:
jvm_args: -XX:TieredStopAtLevel=1 -Dspring.output.ansi.enabled=always -Dcom.sun.management.jmxremote -Dspring.jmx.enabled=true -Dspring.liveBeansView.mbeanDomain -Dspring.application.admin.enabled=true -Dmanagement.endpoints.jmx.exposure.include=* -javaagent:D:\Program Files\IntelliJ IDEA 2024.2.3\lib\idea_rt.jar=60138:D:\Program Files\IntelliJ IDEA 2024.2.3\bin -Dfile.encoding=UTF-8 -Dsun.stdout.encoding=UTF-8 -Dsun.stderr.encoding=UTF-8 
java_command: com.Tuto.Tuto.TutoApplication
java_class_path (initial): F:\Tuto\target\classes;C:\Users\lenovo\.m2\repository\org\springframework\boot\spring-boot-starter-data-jpa\3.3.4\spring-boot-starter-data-jpa-3.3.4.jar;C:\Users\lenovo\.m2\repository\org\springframework\boot\spring-boot-starter-aop\3.3.4\spring-boot-starter-aop-3.3.4.jar;C:\Users\lenovo\.m2\repository\org\springframework\spring-aop\6.1.13\spring-aop-6.1.13.jar;C:\Users\lenovo\.m2\repository\org\aspectj\aspectjweaver\1.9.22.1\aspectjweaver-1.9.22.1.jar;C:\Users\lenovo\.m2\repository\org\springframework\boot\spring-boot-starter-jdbc\3.3.4\spring-boot-starter-jdbc-3.3.4.jar;C:\Users\lenovo\.m2\repository\com\zaxxer\HikariCP\5.1.0\HikariCP-5.1.0.jar;C:\Users\lenovo\.m2\repository\org\springframework\spring-jdbc\6.1.13\spring-jdbc-6.1.13.jar;C:\Users\lenovo\.m2\repository\org\hibernate\orm\hibernate-core\6.5.3.Final\hibernate-core-6.5.3.Final.jar;C:\Users\lenovo\.m2\repository\jakarta\persistence\jakarta.persistence-api\3.1.0\jakarta.persistence-api-3.1.0.jar;C:\Users\lenovo\.m2\repository\jakarta\transaction\jakarta.transaction-api\2.0.1\jakarta.transaction-api-2.0.1.jar;C:\Users\lenovo\.m2\repository\org\jboss\logging\jboss-logging\3.5.3.Final\jboss-logging-3.5.3.Final.jar;C:\Users\lenovo\.m2\repository\org\hibernate\common\hibernate-commons-annotations\6.0.6.Final\hibernate-commons-annotations-6.0.6.Final.jar;C:\Users\lenovo\.m2\repository\io\smallrye\jandex\3.1.2\jandex-3.1.2.jar;C:\Users\lenovo\.m2\repository\com\fasterxml\classmate\1.7.0\classmate-1.7.0.jar;C:\Users\lenovo\.m2\repository\net\bytebuddy\byte-buddy\1.14.19\byte-buddy-1.14.19.jar;C:\Users\lenovo\.m2\repository\org\glassfish\jaxb\jaxb-runtime\4.0.5\jaxb-runtime-4.0.5.jar;C:\Users\lenovo\.m2\repository\org\glassfish\jaxb\jaxb-core\4.0.5\jaxb-core-4.0.5.jar;C:\Users\lenovo\.m2\repository\org\eclipse\angus\angus-activation\2.0.2\angus-activation-2.0.2.jar;C:\Users\lenovo\.m2\repository\org\glassfish\jaxb\txw2\4.0.5\txw2-4.0.5.jar;C:\Users\lenovo\.m2\repository\com\sun\istack\istack-commons-runtime\4.1.2\istack-commons-runtime-4.1.2.jar;C:\Users\lenovo\.m2\repository\jakarta\inject\jakarta.inject-api\2.0.1\jakarta.inject-api-2.0.1.jar;C:\Users\lenovo\.m2\repository\org\antlr\antlr4-runtime\4.13.0\antlr4-runtime-4.13.0.jar;C:\Users\lenovo\.m2\repository\org\springframework\data\spring-data-jpa\3.3.4\spring-data-jpa-3.3.4.jar;C:\Users\lenovo\.m2\repository\org\springframework\data\spring-data-commons\3.3.4\spring-data-commons-3.3.4.jar;C:\Users\lenovo\.m2\repository\org\springframework\spring-orm\6.1.13\spring-orm-6.1.13.jar;C:\Users\lenovo\.m2\repository\org\springframework\spring-context\6.1.13\spring-context-6.1.13.jar;C:\Users\lenovo\.m2\repository\org\springframework\spring-tx\6.1.13\spring-tx-6.1.13.jar;C:\Users\lenovo\.m2\repository\org\springframework\spring-beans\6.1.13\spring-beans-6.1.13.jar;C:\Users\lenovo\.m2\repository\jakarta\annotation\jakarta.annotation-api\2.1.1\jakarta.annotation-api-2.1.1.jar;C:\Users\lenovo\.m2\repository\org\slf4j\slf4j-api\2.0.16\slf4j-api-2.0.16.jar;C:\Users\lenovo\.m2\repository\org\springframework\spring-aspects\6.1.13\spring-aspects-6.1.13.jar;C:\Users\lenovo\.m2\repository\org\springframework\boot\spring-boot-starter-web\3.3.4\spring-boot-starter-web-3.3.4.jar;C:\Users\lenovo\.m2\repository\org\springframework\boot\spring-boot-starter\3.3.4\spring-boot-starter-3.3.4.jar;C:\Users\lenovo\.m2\repository\org\springframework\boot\spring-boot\3.3.4\spring-boot-3.3.4.jar;C:\Users\lenovo\.m2\repository\org\springframework\boot\spring-boot-autoconfigure\3.3.4\spring-boot-autoconfigure-3.3.4.jar;C:\Users\lenovo\.m2\repository\org\springframework\boot\spring-boot-starter-logging\3.3.4\spring-boot-starter-logging-3.3.4.jar;C:\Users\lenovo\.m2\repository\ch\qos\logback\logback-classic\1.5.8\logback-classic-1.5.8.jar;C:\Users\lenovo\.m2\repository\ch\qos\logback\logback-core\1.5.8\logback-core-1.5.8.jar;C:\Users\lenovo\.m2\repository\org\apache\logging\log4j\log4j-to-slf4j\2.23.1\log4j-to-slf4j-2.23.1.jar;C:\Users\lenovo\.m2\repository\org\apache\logging\log4j\log4j-api\2.23.1\log4j-api-2.23.1.jar;C:\Users\lenovo\.m2\repository\org\slf4j\jul-to-slf4j\2.0.16\jul-to-slf4j-2.0.16.jar;C:\Users\lenovo\.m2\repository\org\yaml\snakeyaml\2.2\snakeyaml-2.2.jar;C:\Users\lenovo\.m2\repository\org\springframework\boot\spring-boot-starter-json\3.3.4\spring-boot-starter-json-3.3.4.jar;C:\Users\lenovo\.m2\repository\com\fasterxml\jackson\core\jackson-databind\2.17.2\jackson-databind-2.17.2.jar;C:\Users\lenovo\.m2\repository\com\fasterxml\jackson\core\jackson-annotations\2.17.2\jackson-annotations-2.17.2.jar;C:\Users\lenovo\.m2\repository\com\fasterxml\jackson\core\jackson-core\2.17.2\jackson-core-2.17.2.jar;C:\Users\lenovo\.m2\repository\com\fasterxml\jackson\datatype\jackson-datatype-jdk8\2.17.2\jackson-datatype-jdk8-2.17.2.jar;C:\Users\lenovo\.m2\repository\com\fasterxml\jackson\datatype\jackson-datatype-jsr310\2.17.2\jackson-datatype-jsr310-2.17.2.jar;C:\Users\lenovo\.m2\repository\com\fasterxml\jackson\module\jackson-module-parameter-names\2.17.2\jackson-module-parameter-names-2.17.2.jar;C:\Users\lenovo\.m2\repository\org\springframework\boot\spring-boot-starter-tomcat\3.3.4\spring-boot-starter-tomcat-3.3.4.jar;C:\Users\lenovo\.m2\repository\org\apache\tomcat\embed\tomcat-embed-core\10.1.30\tomcat-embed-core-10.1.30.jar;C:\Users\lenovo\.m2\repository\org\apache\tomcat\embed\tomcat-embed-el\10.1.30\tomcat-embed-el-10.1.30.jar;C:\Users\lenovo\.m2\repository\org\apache\tomcat\embed\tomcat-embed-websocket\10.1.30\tomcat-embed-websocket-10.1.30.jar;C:\Users\lenovo\.m2\repository\org\springframework\spring-web\6.1.13\spring-web-6.1.13.jar;C:\Users\lenovo\.m2\repository\io\micrometer\micrometer-observation\1.13.4\micrometer-observation-1.13.4.jar;C:\Users\lenovo\.m2\repository\io\micrometer\micrometer-commons\1.13.4\micrometer-commons-1.13.4.jar;C:\Users\lenovo\.m2\repository\org\springframework\spring-webmvc\6.1.13\spring-webmvc-6.1.13.jar;C:\Users\lenovo\.m2\repository\org\springframework\spring-expression\6.1.13\spring-expression-6.1.13.jar;C:\Users\lenovo\.m2\repository\com\mysql\mysql-connector-j\8.3.0\mysql-connector-j-8.3.0.jar;C:\Users\lenovo\.m2\repository\jakarta\xml\bind\jakarta.xml.bind-api\4.0.2\jakarta.xml.bind-api-4.0.2.jar;C:\Users\lenovo\.m2\repository\jakarta\activation\jakarta.activation-api\2.1.3\jakarta.activation-api-2.1.3.jar;C:\Users\lenovo\.m2\repository\org\springframework\spring-core\6.1.13\spring-core-6.1.13.jar;C:\Users\lenovo\.m2\repository\org\springframework\spring-jcl\6.1.13\spring-jcl-6.1.13.jar
Launcher Type: SUN_STANDARD

[Global flags]
     intx CICompilerCount                          = 4                                         {product} {ergonomic}
     uint ConcGCThreads                            = 2                                         {product} {ergonomic}
     uint G1ConcRefinementThreads                  = 8                                         {product} {ergonomic}
   size_t G1HeapRegionSize                         = 1048576                                   {product} {ergonomic}
    uintx GCDrainStackTargetSize                   = 64                                        {product} {ergonomic}
   size_t InitialHeapSize                          = 132120576                                 {product} {ergonomic}
     bool ManagementServer                         = true                                      {product} {command line}
   size_t MarkStackSize                            = 4194304                                   {product} {ergonomic}
   size_t MaxHeapSize                              = 2113929216                                {product} {ergonomic}
   size_t MaxNewSize                               = 1267728384                                {product} {ergonomic}
   size_t MinHeapDeltaBytes                        = 1048576                                   {product} {ergonomic}
   size_t MinHeapSize                              = 8388608                                   {product} {ergonomic}
    uintx NonNMethodCodeHeapSize                   = 4096                                   {pd product} {ergonomic}
    uintx NonProfiledCodeHeapSize                  = 0                                      {pd product} {ergonomic}
     bool ProfileInterpreter                       = false                                  {pd product} {command line}
    uintx ProfiledCodeHeapSize                     = 0                                      {pd product} {ergonomic}
   size_t SoftMaxHeapSize                          = 2113929216                             {manageable} {ergonomic}
     intx TieredStopAtLevel                        = 1                                         {product} {command line}
     bool UseCompressedOops                        = true                           {product lp64_product} {ergonomic}
     bool UseG1GC                                  = true                                      {product} {ergonomic}
     bool UseLargePagesIndividualAllocation        = false                                  {pd product} {ergonomic}

Logging:
Log output configuration:
 #0: stdout all=warning uptime,level,tags foldmultilines=false
 #1: stderr all=off uptime,level,tags foldmultilines=false

Environment Variables:
PATH=C:\Users\lenovo\AppData\Local\Programs\Python\Python312\Scripts\;C:\Users\lenovo\AppData\Local\Programs\Python\Python312\;C:\Program Files\Common Files\Oracle\Java\javapath;C:\oraclexe\app\oracle\product\11.2.0\server\bin;C:\ProgramData\watcom-1.3\binnt;C:\ProgramData\watcom-1.3\binw;C:\watcom-1.3\binnt;C:\watcom-1.3\binw;C:\WINDOWS\system32;C:\WINDOWS;C:\WINDOWS\System32\Wbem;C:\WINDOWS\System32\WindowsPowerShell\v1.0\;C:\WINDOWS\System32\OpenSSH\;C:\Program Files\MySQL\MySQL Server 5.5\bin;C:\MinGW\bin;C:\ProgramData\chocolatey\bin;C:\xampp\php;C:\Program Files\MongoDB\Server\7.0;C:\Program Files\Apache Software Foundation\Tomcat 11.0\bin;C:\Program Files\Git\cmd;C:\Program Files\nodejs\;C:\Program Files\PowerShell\7\;D:\Program Files\heroku\bin;C:\Program Files\Docker\Docker\resources\bin;D:\Program Files\apache-maven-3.9.9\bin;C:\Users\lenovo\AppData\Local\Programs\Python\Python312\Scripts\;C:\Users\lenovo\AppData\Local\Programs\Python\Python312\;C:\Users\lenovo\AppData\Local\Programs\Python\Launcher\;C:\Users\lenovo\AppData\Local\Microsoft\WindowsApps;C:\Users\lenovo\Downloads\GnuWin32\GnuWin32\bin;C:\Program Files (x86)\GnuWin32\bin;C:\MinGW\bin;C:\MinGW\msys\1.0\bin;C:\MinGW\bin;C:\Users\lenovo\AppData\Local\Programs\Microsoft VS Code\bin;C:\Program Files\JetBrains\IntelliJ IDEA Community Edition 2023.3.4\bin;;C:\Users\lenovo\Downloads\java;C:\xampp\php;C:\Users\lenovo\AppData\Local\ComposerSetup\bin;C:\Users\lenovo\AppData\Roaming\Composer\vendor\bin;C:\Program Files\Java\jdk-21\bin;C:\Users\lenovo\AppData\Roaming\npm;D:\Program Files\IntelliJ IDEA 2024.2.3\bin;;D:\Program Files\heroku\bin;C:\Program Files\Docker\Docker\resources\bin;
USERNAME=lenovo
OS=Windows_NT
PROCESSOR_IDENTIFIER=Intel64 Family 6 Model 142 Stepping 10, GenuineIntel
TMP=C:\Users\lenovo\AppData\Local\Temp
TEMP=C:\Users\lenovo\AppData\Local\Temp




Periodic native trim disabled

---------------  S Y S T E M  ---------------

OS:
 Windows 10 , 64 bit Build 19041 (10.0.19041.4957)
OS uptime: 2 days 2:10 hours
Hyper-V role detected

CPU: total 8 (initial active 8) (4 cores per cpu, 2 threads per core) family 6 model 142 stepping 10 microcode 0xb4, cx8, cmov, fxsr, ht, mmx, 3dnowpref, sse, sse2, sse3, ssse3, sse4.1, sse4.2, popcnt, lzcnt, tsc, tscinvbit, avx, avx2, aes, erms, clmul, bmi1, bmi2, adx, fma, vzeroupper, clflush, clflushopt, hv, rdtscp, f16c
Processor Information for processor 0
  Max Mhz: 1801, Current Mhz: 1500, Mhz Limit: 1801
Processor Information for processor 1
  Max Mhz: 1801, Current Mhz: 1801, Mhz Limit: 1801
Processor Information for processor 2
  Max Mhz: 1801, Current Mhz: 1500, Mhz Limit: 1801
Processor Information for processor 3
  Max Mhz: 1801, Current Mhz: 1500, Mhz Limit: 1801
Processor Information for processor 4
  Max Mhz: 1801, Current Mhz: 1500, Mhz Limit: 1801
Processor Information for processor 5
  Max Mhz: 1801, Current Mhz: 1500, Mhz Limit: 1801
Processor Information for processor 6
  Max Mhz: 1801, Current Mhz: 1500, Mhz Limit: 1801
Processor Information for processor 7
  Max Mhz: 1801, Current Mhz: 1500, Mhz Limit: 1801

Memory: 4k page, system-wide physical 8058M (598M free)
TotalPageFile size 10106M (AvailPageFile size 5M)
current process WorkingSet (physical memory assigned to process): 68M, peak: 68M
current process commit charge ("private bytes"): 218M, peak: 218M

vm_info: Java HotSpot(TM) 64-Bit Server VM (21.0.2+13-LTS-58) for windows-amd64 JRE (21.0.2+13-LTS-58), built on 2024-01-05T18:32:24Z by "mach5one" with MS VC++ 17.1 (VS2022)

END.
